SF:lib\domain\core\failures.freezed.dart
DA:10,0
DA:14,1
DA:17,0
DA:19,0
DA:26,0
DA:27,0
DA:33,0
DA:34,0
DA:40,0
DA:41,0
DA:48,0
DA:49,0
DA:55,0
DA:56,0
DA:124,0
DA:130,0
DA:134,0
DA:136,0
DA:155,0
DA:157,0
DA:159,0
DA:160,0
DA:162,0
DA:167,0
DA:169,0
DA:170,0
DA:177,2
DA:178,1
DA:179,1
DA:186,0
DA:188,0
DA:191,1
DA:194,1
DA:195,2
DA:197,0
DA:198,2
DA:199,0
DA:202,0
DA:204,0
DA:205,0
DA:206,0
DA:208,0
DA:211,0
DA:213,0
DA:223,0
DA:224,0
DA:225,0
DA:226,0
DA:227,0
DA:228,0
DA:229,0
DA:232,0
DA:243,0
DA:245,0
DA:247,0
DA:250,0
DA:260,0
DA:261,0
DA:262,0
DA:263,0
DA:264,0
DA:265,0
DA:266,0
DA:269,0
DA:280,0
DA:282,0
DA:284,0
DA:312,0
DA:313,0
DA:315,0
DA:316,0
DA:318,0
DA:322,0
DA:324,0
DA:331,0
DA:336,0
DA:338,0
DA:341,0
DA:344,0
DA:345,0
DA:347,0
DA:350,0
DA:352,0
DA:354,0
DA:357,0
DA:359,0
DA:369,0
DA:370,0
DA:371,0
DA:372,0
DA:373,0
DA:374,0
DA:375,0
DA:378,0
DA:389,0
DA:391,0
DA:393,0
DA:396,0
DA:406,0
DA:407,0
DA:408,0
DA:409,0
DA:410,0
DA:411,0
DA:412,0
DA:415,0
DA:426,0
DA:428,0
DA:430,0
DA:458,0
DA:460,0
DA:462,0
DA:463,0
DA:465,0
DA:469,0
DA:471,0
DA:478,0
DA:483,0
DA:485,0
DA:488,0
DA:491,0
DA:492,0
DA:494,0
DA:497,0
DA:499,0
DA:501,0
DA:504,0
DA:506,0
DA:516,0
DA:517,0
DA:518,0
DA:519,0
DA:520,0
DA:521,0
DA:522,0
DA:525,0
DA:536,0
DA:538,0
DA:540,0
DA:543,0
DA:553,0
DA:554,0
DA:555,0
DA:556,0
DA:557,0
DA:558,0
DA:559,0
DA:562,0
DA:573,0
DA:575,0
DA:577,0
DA:605,0
DA:607,0
DA:609,0
DA:610,0
DA:612,0
DA:617,0
DA:619,0
DA:620,0
DA:627,0
DA:628,0
DA:629,0
DA:636,0
DA:638,0
DA:641,0
DA:644,0
DA:645,0
DA:647,0
DA:648,0
DA:649,0
DA:652,0
DA:654,0
DA:655,0
DA:656,0
DA:658,0
DA:661,0
DA:663,0
DA:673,0
DA:674,0
DA:675,0
DA:676,0
DA:677,0
DA:678,0
DA:679,0
DA:682,0
DA:693,0
DA:695,0
DA:697,0
DA:700,0
DA:710,0
DA:711,0
DA:712,0
DA:713,0
DA:714,0
DA:715,0
DA:716,0
DA:719,0
DA:730,0
DA:732,0
DA:734,0
DA:764,0
DA:766,0
DA:768,0
DA:769,0
DA:771,0
DA:775,0
DA:777,0
DA:784,0
DA:785,0
DA:790,0
DA:792,0
DA:795,0
DA:798,0
DA:799,0
DA:801,0
DA:804,0
DA:806,0
DA:808,0
DA:811,0
DA:813,0
DA:823,0
DA:824,0
DA:825,0
DA:826,0
DA:827,0
DA:828,0
DA:829,0
DA:832,0
DA:843,0
DA:845,0
DA:847,0
DA:850,0
DA:860,0
DA:861,0
DA:862,0
DA:863,0
DA:864,0
DA:865,0
DA:866,0
DA:869,0
DA:880,0
DA:882,0
DA:884,0
DA:912,0
DA:914,0
DA:916,0
DA:917,0
DA:919,0
DA:923,0
DA:925,0
DA:932,0
DA:933,0
DA:938,0
DA:940,0
DA:943,0
DA:946,0
DA:947,0
DA:949,0
DA:952,0
DA:954,0
DA:956,0
DA:959,0
DA:961,0
DA:971,0
DA:972,0
DA:973,0
DA:974,0
DA:975,0
DA:976,0
DA:977,0
DA:980,0
DA:991,0
DA:993,0
DA:995,0
DA:998,0
DA:1008,0
DA:1009,0
DA:1010,0
DA:1011,0
DA:1012,0
DA:1013,0
DA:1014,0
DA:1017,0
DA:1028,0
DA:1030,0
DA:1032,0
LF:286
LH:8
end_of_record
SF:lib\domain\core\value_validators.dart
DA:5,1
DA:9,2
DA:10,1
DA:12,1
DA:13,1
DA:18,0
DA:19,0
DA:20,0
DA:22,0
DA:26,0
DA:27,0
DA:28,0
DA:30,0
DA:34,0
DA:38,0
DA:39,0
DA:41,0
DA:48,0
DA:51,0
DA:52,0
DA:54,0
DA:58,0
DA:59,0
DA:60,0
DA:62,0
LF:25
LH:5
end_of_record
